My job ran on: echo bc9u23n1
Conditional satisfied
Already on 'dev'
M	skyrmions_job.slurm
M	slurm-7945718.out
Switched to dev
From https://github.com/ac238/skyrmions-trial
 * branch            dev        -> FETCH_HEAD
Already up-to-date.
Pulled from dev
/var/spool/slurm/job7945719/slurm_script: line 18: matlab: command not found
Ran MATLAB
Added all
[dev 7692a05] Supercomputer
 Committer: Alexander Canright <ac238@bc9u23n1.nots.rice.edu>
Your name and email address were configured automatically based
on your username and hostname. Please check that they are accurate.
You can suppress this message by setting them explicitly:

    git config --global user.name "Your Name"
    git config --global user.email you@example.com

After doing this, you may fix the identity used for this commit with:

    git commit --amend --reset-author

 3 files changed, 34 insertions(+), 1 deletion(-)
 create mode 100644 slurm-7945719.out
Committed
fatal: could not read Username for 'https://github.com': No such device or address
Pushed to dev
