My job ran on: echo bc9u23n1
Conditional satisfied
There is no tracking information for the current branch.
Please specify which branch you want to merge with.
See git-pull(1) for details

    git pull <remote> <branch>

If you wish to set tracking information for this branch you can do so with:

    git branch --set-upstream-to=origin/<branch> dev

/var/spool/slurm/job7945717/slurm_script: line 15: matlab: command not found
Job finished
[dev 0d32476] Supercomputer
 Committer: Alexander Canright <ac238@bc9u23n1.nots.rice.edu>
Your name and email address were configured automatically based
on your username and hostname. Please check that they are accurate.
You can suppress this message by setting them explicitly:

    git config --global user.name "Your Name"
    git config --global user.email you@example.com

After doing this, you may fix the identity used for this commit with:

    git commit --amend --reset-author

 2 files changed, 15 insertions(+), 1 deletion(-)
 create mode 100644 slurm-7945717.out
fatal: could not read Username for 'https://github.com': No such device or address
