My job ran on: echo bc9u15n[4,8]
Conditional satisfied
Trying code: module load

Currently Loaded Modules:
  1) StdEnv               6) binutils/2.40        11) SQLite/3.42.0
  2) GCC/4.8.3            7) bzip2/.1.0.8    (H)  12) XZ/.5.4.2     (H)
  3) MATLAB/2023b         8) ncurses/6.4          13) libffi/3.4.4
  4) GCCcore/12.3.0       9) libreadline/8.2      14) OpenSSL/1.1
  5) zlib/.1.2.13   (H)  10) Tcl/8.6.13           15) Python/3.11.3

  Where:
   H:  Hidden Module

 

fatal: Unable to create '/projects/mf23/ac238/skyrmions-trial/.git/index.lock': File exists.

If no other git process is currently running, this probably means a
git process crashed in this repository earlier. Make sure no other git
process is running and remove the file manually to continue.
Trying code: git pull origin nots
fatal: unable to access 'https://github.com/ac238/skyrmions-trial.git/': error setting certificate file: /etc/ssl/certs/ca-certificates.crt
Trying code: matlab -r
MATLAB is selecting SOFTWARE OPENGL rendering.
Opening log file:  /home/ac238/java.log.49283

                            < M A T L A B (R) >
                  Copyright 1984-2023 The MathWorks, Inc.
             R2023b Update 5 (23.2.0.2459199) 64-bit (glnxa64)
                             November 28, 2023

 
To get started, type doc.
For product information, visit www.mathworks.com.
 
[Warning: MATLAB has disabled some advanced graphics rendering features by
switching to software OpenGL. For more information, click <a
href="matlab:opengl('problems')">here</a>.] 

ans = 

    "initialized"

Starting parallel pool (parpool) using the 'Processes' profile ...
Connected to parallel pool with 16 workers.

t_ind =

     2


t_ind =

     3


t_ind =

     4


t_ind =

     5


t_ind =

     6


t_ind =

     7


t_ind =

     8


t_ind =

     9


t_ind =

    10


t_ind =

    11


t_ind =

    12


t_ind =

    13


t_ind =

    14


t_ind =

    15


t_ind =

    16


t_ind =

    17


t_ind =

    18


t_ind =

    19


t_ind =

    20


t_ind =

    21


t_ind =

    22


t_ind =

    23


t_ind =

    24


t_ind =

    25


t_ind =

    26


t_ind =

    27


t_ind =

    28


t_ind =

    29


t_ind =

    30


t_ind =

    31


t_ind =

    32


t_ind =

    33


t_ind =

    34


t_ind =

    35


t_ind =

    36


t_ind =

    37


t_ind =

    38


t_ind =

    39


t_ind =

    40


t_ind =

    41


t_ind =

    42


t_ind =

    43


t_ind =

    44


t_ind =

    45


t_ind =

    46


t_ind =

    47


t_ind =

    48


t_ind =

    49


t_ind =

    50


t_ind =

    51


t_ind =

    52


t_ind =

    53


t_ind =

    54


t_ind =

    55


t_ind =

    56


t_ind =

    57


t_ind =

    58


t_ind =

    59


t_ind =

    60


t_ind =

    61


t_ind =

    62


t_ind =

    63


t_ind =

    64


t_ind =

    65


t_ind =

    66


t_ind =

    67


t_ind =

    68


t_ind =

    69


t_ind =

    70


t_ind =

    71


t_ind =

    72


t_ind =

    73


t_ind =

    74


t_ind =

    75


t_ind =

    76


t_ind =

    77


t_ind =

    78


t_ind =

    79


t_ind =

    80


t_ind =

    81


t_ind =

    82


t_ind =

    83


t_ind =

    84


t_ind =

    85


t_ind =

    86


t_ind =

    87


t_ind =

    88


t_ind =

    89


t_ind =

    90


t_ind =

    91


t_ind =

    92


t_ind =

    93


t_ind =

    94


t_ind =

    95


t_ind =

    96


t_ind =

    97


t_ind =

    98


t_ind =

    99


t_ind =

   100


t_ind =

   101


t_ind =

   102


t_ind =

   103


t_ind =

   104


t_ind =

   105


t_ind =

   106


t_ind =

   107


t_ind =

   108


t_ind =

   109


t_ind =

   110


t_ind =

   111


t_ind =

   112


t_ind =

   113


t_ind =

   114


t_ind =

   115


t_ind =

   116


t_ind =

   117


t_ind =

   118


t_ind =

   119


t_ind =

   120


t_ind =

   121


t_ind =

   122


t_ind =

   123


t_ind =

   124


t_ind =

   125


t_ind =

   126


t_ind =

   127


t_ind =

   128


t_ind =

   129


t_ind =

   130


t_ind =

   131


t_ind =

   132


t_ind =

   133


t_ind =

   134


t_ind =

   135


t_ind =

   136


t_ind =

   137


t_ind =

   138


t_ind =

   139


t_ind =

   140


t_ind =

   141


t_ind =

   142


t_ind =

   143


t_ind =

   144


t_ind =

   145


t_ind =

   146


t_ind =

   147


t_ind =

   148


t_ind =

   149


t_ind =

   150


t_ind =

   151


t_ind =

   152


t_ind =

   153


t_ind =

   154


t_ind =

   155


t_ind =

   156


t_ind =

   157


t_ind =

   158


t_ind =

   159


t_ind =

   160


t_ind =

   161


t_ind =

   162


t_ind =

   163


t_ind =

   164


t_ind =

   165


t_ind =

   166


t_ind =

   167


t_ind =

   168


t_ind =

   169


t_ind =

   170


t_ind =

   171


t_ind =

   172


t_ind =

   173


t_ind =

   174


t_ind =

   175


t_ind =

   176


t_ind =

   177


t_ind =

   178


t_ind =

   179


t_ind =

   180


t_ind =

   181


t_ind =

   182


t_ind =

   183


t_ind =

   184


t_ind =

   185


t_ind =

   186


t_ind =

   187


t_ind =

   188


t_ind =

   189


t_ind =

   190


t_ind =

   191


t_ind =

   192


t_ind =

   193


t_ind =

   194


t_ind =

   195


t_ind =

   196


t_ind =

   197


t_ind =

   198


t_ind =

   199


t_ind =

   200


t_ind =

   201


t_ind =

   202


t_ind =

   203


t_ind =

   204


t_ind =

   205


t_ind =

   206


t_ind =

   207


t_ind =

   208


t_ind =

   209


t_ind =

   210


t_ind =

   211


t_ind =

   212


t_ind =

   213


t_ind =

   214


t_ind =

   215


t_ind =

   216


t_ind =

   217


t_ind =

   218


t_ind =

   219


t_ind =

   220


t_ind =

   221


t_ind =

   222


t_ind =

   223


t_ind =

   224


t_ind =

   225


t_ind =

   226


t_ind =

   227


t_ind =

   228


t_ind =

   229


t_ind =

   230


t_ind =

   231


t_ind =

   232


t_ind =

   233


t_ind =

   234


t_ind =

   235


t_ind =

   236


t_ind =

   237


t_ind =

   238


t_ind =

   239


t_ind =

   240


t_ind =

   241


t_ind =

   242


t_ind =

   243


t_ind =

   244


t_ind =

   245


t_ind =

   246


t_ind =

   247


t_ind =

   248


t_ind =

   249


t_ind =

   250


t_ind =

   251


t_ind =

   252


t_ind =

   253


t_ind =

   254


t_ind =

   255


t_ind =

   256


t_ind =

   257


t_ind =

   258


t_ind =

   259


t_ind =

   260


t_ind =

   261


t_ind =

   262


t_ind =

   263


t_ind =

   264


t_ind =

   265


t_ind =

   266


t_ind =

   267


t_ind =

   268


t_ind =

   269


t_ind =

   270


t_ind =

   271


t_ind =

   272


t_ind =

   273


t_ind =

   274


t_ind =

   275


t_ind =

   276


t_ind =

   277


t_ind =

   278


t_ind =

   279


t_ind =

   280


t_ind =

   281


t_ind =

   282


t_ind =

   283


t_ind =

   284


t_ind =

   285


t_ind =

   286


t_ind =

   287


t_ind =

   288


t_ind =

   289


t_ind =

   290


t_ind =

   291


t_ind =

   292


t_ind =

   293


t_ind =

   294


t_ind =

   295


t_ind =

   296


t_ind =

   297


t_ind =

   298


t_ind =

   299


t_ind =

   300


t_ind =

   301


t_ind =

   302


t_ind =

   303


t_ind =

   304


t_ind =

   305


t_ind =

   306


t_ind =

   307


t_ind =

   308


t_ind =

   309


t_ind =

   310


t_ind =

   311


t_ind =

   312


t_ind =

   313


t_ind =

   314


t_ind =

   315


t_ind =

   316


t_ind =

   317


t_ind =

   318


t_ind =

   319


t_ind =

   320


t_ind =

   321


t_ind =

   322


t_ind =

   323


t_ind =

   324


t_ind =

   325


t_ind =

   326


t_ind =

   327


t_ind =

   328


t_ind =

   329


t_ind =

   330


t_ind =

   331


t_ind =

   332


t_ind =

   333


t_ind =

   334


t_ind =

   335


t_ind =

   336


t_ind =

   337


t_ind =

   338


t_ind =

   339


t_ind =

   340


t_ind =

   341


t_ind =

   342


t_ind =

   343


t_ind =

   344


t_ind =

   345


t_ind =

   346


t_ind =

   347


t_ind =

   348


t_ind =

   349


t_ind =

   350


t_ind =

   351


t_ind =

   352


t_ind =

   353


t_ind =

   354


t_ind =

   355


t_ind =

   356


t_ind =

   357


t_ind =

   358


t_ind =

   359


t_ind =

   360


t_ind =

   361


t_ind =

   362


t_ind =

   363


t_ind =

   364


t_ind =

   365


t_ind =

   366


t_ind =

   367


t_ind =

   368


t_ind =

   369


t_ind =

   370


t_ind =

   371


t_ind =

   372


t_ind =

   373


t_ind =

   374


t_ind =

   375


t_ind =

   376


t_ind =

   377


t_ind =

   378


t_ind =

   379


t_ind =

   380


t_ind =

   381


t_ind =

   382


t_ind =

   383


t_ind =

   384


t_ind =

   385


t_ind =

   386


t_ind =

   387


t_ind =

   388


t_ind =

   389


t_ind =

   390


t_ind =

   391


t_ind =

   392


t_ind =

   393


t_ind =

   394


t_ind =

   395


t_ind =

   396


t_ind =

   397


t_ind =

   398


t_ind =

   399


t_ind =

   400


t_ind =

   401


t_ind =

   402


t_ind =

   403


t_ind =

   404


t_ind =

   405


t_ind =

   406


t_ind =

   407


t_ind =

   408


t_ind =

   409


t_ind =

   410


t_ind =

   411


t_ind =

   412


t_ind =

   413


t_ind =

   414


t_ind =

   415


t_ind =

   416


t_ind =

   417


t_ind =

   418


t_ind =

   419


t_ind =

   420


t_ind =

   421


t_ind =

   422


t_ind =

   423


t_ind =

   424


t_ind =

   425


t_ind =

   426


t_ind =

   427


t_ind =

   428


t_ind =

   429


t_ind =

   430


t_ind =

   431


t_ind =

   432


t_ind =

   433


t_ind =

   434


t_ind =

   435


t_ind =

   436


t_ind =

   437


t_ind =

   438


t_ind =

   439


t_ind =

   440


t_ind =

   441


t_ind =

   442


t_ind =

   443


t_ind =

   444


t_ind =

   445


t_ind =

   446


t_ind =

   447


t_ind =

   448


t_ind =

   449


t_ind =

   450


t_ind =

   451


t_ind =

   452


t_ind =

   453


t_ind =

   454


t_ind =

   455


t_ind =

   456


t_ind =

   457


t_ind =

   458


t_ind =

   459


t_ind =

   460


t_ind =

   461


t_ind =

   462


t_ind =

   463


t_ind =

   464


t_ind =

   465


t_ind =

   466


t_ind =

   467


t_ind =

   468


t_ind =

   469


t_ind =

   470


t_ind =

   471


t_ind =

   472


t_ind =

   473


t_ind =

   474


t_ind =

   475


t_ind =

   476


t_ind =

   477


t_ind =

   478


t_ind =

   479


t_ind =

   480


t_ind =

   481


t_ind =

   482


t_ind =

   483


t_ind =

   484


t_ind =

   485


t_ind =

   486


t_ind =

   487


t_ind =

   488


t_ind =

   489


t_ind =

   490


t_ind =

   491


t_ind =

   492


t_ind =

   493


t_ind =

   494


t_ind =

   495


t_ind =

   496


t_ind =

   497


t_ind =

   498


t_ind =

   499


t_ind =

   500


t_ind =

   501


t_ind =

   502


t_ind =

   503


t_ind =

   504


t_ind =

   505


t_ind =

   506


t_ind =

   507


t_ind =

   508


t_ind =

   509


t_ind =

   510


t_ind =

   511


t_ind =

   512


t_ind =

   513


t_ind =

   514


t_ind =

   515


t_ind =

   516


t_ind =

   517


t_ind =

   518


t_ind =

   519


t_ind =

   520


t_ind =

   521


t_ind =

   522


t_ind =

   523


t_ind =

   524


t_ind =

   525


t_ind =

   526


t_ind =

   527


t_ind =

   528


t_ind =

   529


t_ind =

   530


t_ind =

   531


t_ind =

   532


t_ind =

   533


t_ind =

   534


t_ind =

   535


t_ind =

   536


t_ind =

   537


t_ind =

   538


t_ind =

   539


t_ind =

   540


t_ind =

   541


t_ind =

   542


t_ind =

   543


t_ind =

   544


t_ind =

   545


t_ind =

   546


t_ind =

   547


t_ind =

   548


t_ind =

   549


t_ind =

   550


t_ind =

   551


t_ind =

   552


t_ind =

   553


t_ind =

   554


t_ind =

   555


t_ind =

   556


t_ind =

   557


t_ind =

   558


t_ind =

   559


t_ind =

   560


t_ind =

   561


t_ind =

   562


t_ind =

   563


t_ind =

   564


t_ind =

   565


t_ind =

   566


t_ind =

   567


t_ind =

   568


t_ind =

   569


t_ind =

   570


t_ind =

   571


t_ind =

   572


t_ind =

   573


t_ind =

   574


t_ind =

   575


t_ind =

   576


t_ind =

   577


t_ind =

   578


t_ind =

   579


t_ind =

   580


t_ind =

   581


t_ind =

   582


t_ind =

   583


t_ind =

   584


t_ind =

   585


t_ind =

   586


t_ind =

   587


t_ind =

   588


t_ind =

   589


t_ind =

   590


t_ind =

   591


t_ind =

   592


t_ind =

   593


t_ind =

   594


t_ind =

   595


t_ind =

   596


t_ind =

   597


t_ind =

   598


t_ind =

   599


t_ind =

   600


t_ind =

   601


t_ind =

   602


t_ind =

   603


t_ind =

   604


t_ind =

   605


t_ind =

   606


t_ind =

   607


t_ind =

   608


t_ind =

   609


t_ind =

   610


t_ind =

   611


t_ind =

   612


t_ind =

   613


t_ind =

   614


t_ind =

   615


t_ind =

   616


t_ind =

   617


t_ind =

   618


t_ind =

   619


t_ind =

   620


t_ind =

   621


t_ind =

   622


t_ind =

   623


t_ind =

   624


t_ind =

   625


t_ind =

   626


t_ind =

   627


t_ind =

   628


t_ind =

   629


t_ind =

   630


t_ind =

   631


t_ind =

   632


t_ind =

   633


t_ind =

   634


t_ind =

   635


t_ind =

   636


t_ind =

   637


t_ind =

   638


t_ind =

   639


t_ind =

   640


t_ind =

   641


t_ind =

   642


t_ind =

   643


t_ind =

   644


t_ind =

   645


t_ind =

   646


t_ind =

   647


t_ind =

   648


t_ind =

   649


t_ind =

   650


t_ind =

   651


t_ind =

   652


t_ind =

   653


t_ind =

   654


t_ind =

   655


t_ind =

   656


t_ind =

   657


t_ind =

   658


t_ind =

   659


t_ind =

   660


t_ind =

   661


t_ind =

   662


t_ind =

   663


t_ind =

   664


t_ind =

   665


t_ind =

   666


t_ind =

   667


t_ind =

   668


t_ind =

   669


t_ind =

   670


t_ind =

   671


t_ind =

   672


t_ind =

   673


t_ind =

   674


t_ind =

   675


t_ind =

   676


t_ind =

   677


t_ind =

   678


t_ind =

   679


t_ind =

   680


t_ind =

   681


t_ind =

   682


t_ind =

   683


t_ind =

   684


t_ind =

   685


t_ind =

   686


t_ind =

   687


t_ind =

   688


t_ind =

   689


t_ind =

   690


t_ind =

   691


t_ind =

   692


t_ind =

   693


t_ind =

   694


t_ind =

   695


t_ind =

   696


t_ind =

   697


t_ind =

   698


t_ind =

   699


t_ind =

   700


t_ind =

   701


t_ind =

   702


t_ind =

   703


t_ind =

   704


t_ind =

   705


t_ind =

   706


t_ind =

   707


t_ind =

   708


t_ind =

   709


t_ind =

   710


t_ind =

   711


t_ind =

   712


t_ind =

   713


t_ind =

   714


t_ind =

   715


t_ind =

   716


t_ind =

   717


t_ind =

   718

