My job ran on: echo bc9u15n[1,8]
Conditional satisfied
Trying code: module load

Currently Loaded Modules:
  1) StdEnv               6) binutils/2.40        11) SQLite/3.42.0
  2) GCC/4.8.3            7) bzip2/.1.0.8    (H)  12) XZ/.5.4.2     (H)
  3) MATLAB/2023b         8) ncurses/6.4          13) libffi/3.4.4
  4) GCCcore/12.3.0       9) libreadline/8.2      14) OpenSSL/1.1
  5) zlib/.1.2.13   (H)  10) Tcl/8.6.13           15) Python/3.11.3

  Where:
   H:  Hidden Module

 

Already on 'nots'
M	slurm-7951976.out
Trying code: git pull origin nots
fatal: unable to access 'https://github.com/ac238/skyrmions-trial.git/': error setting certificate file: /etc/ssl/certs/ca-certificates.crt
Trying code: matlab -r
MATLAB is selecting SOFTWARE OPENGL rendering.
Opening log file:  /home/ac238/java.log.12309

                            < M A T L A B (R) >
                  Copyright 1984-2023 The MathWorks, Inc.
             R2023b Update 5 (23.2.0.2459199) 64-bit (glnxa64)
                             November 28, 2023

 
To get started, type doc.
For product information, visit www.mathworks.com.
 
[Warning: MATLAB has disabled some advanced graphics rendering features by
switching to software OpenGL. For more information, click <a
href="matlab:opengl('problems')">here</a>.] 

ans = 

    "initialized"

Starting parallel pool (parpool) using the 'Processes' profile ...
Connected to parallel pool with 16 workers.

t_ind =

     2


t_ind =

     3


t_ind =

     4


t_ind =

     5


t_ind =

     6


t_ind =

     7


t_ind =

     8


t_ind =

     9


t_ind =

    10


t_ind =

    11


t_ind =

    12


t_ind =

    13


t_ind =

    14


t_ind =

    15


t_ind =

    16


t_ind =

    17


t_ind =

    18


t_ind =

    19


t_ind =

    20


t_ind =

    21


t_ind =

    22


t_ind =

    23


t_ind =

    24


t_ind =

    25


t_ind =

    26


t_ind =

    27


t_ind =

    28


t_ind =

    29


t_ind =

    30


t_ind =

    31


t_ind =

    32


t_ind =

    33


t_ind =

    34


t_ind =

    35


t_ind =

    36


t_ind =

    37


t_ind =

    38


t_ind =

    39


t_ind =

    40


t_ind =

    41


t_ind =

    42


t_ind =

    43


t_ind =

    44


t_ind =

    45


t_ind =

    46


t_ind =

    47


t_ind =

    48


t_ind =

    49


t_ind =

    50


t_ind =

    51


t_ind =

    52


t_ind =

    53


t_ind =

    54


t_ind =

    55


t_ind =

    56


t_ind =

    57


t_ind =

    58


t_ind =

    59


t_ind =

    60


t_ind =

    61


t_ind =

    62


t_ind =

    63


t_ind =

    64


t_ind =

    65


t_ind =

    66


t_ind =

    67


t_ind =

    68


t_ind =

    69


t_ind =

    70


t_ind =

    71


t_ind =

    72


t_ind =

    73


t_ind =

    74


t_ind =

    75


t_ind =

    76


t_ind =

    77


t_ind =

    78


t_ind =

    79


t_ind =

    80


t_ind =

    81


t_ind =

    82


t_ind =

    83


t_ind =

    84


t_ind =

    85


t_ind =

    86


t_ind =

    87


t_ind =

    88


t_ind =

    89


t_ind =

    90


t_ind =

    91


t_ind =

    92


t_ind =

    93


t_ind =

    94


t_ind =

    95


t_ind =

    96


t_ind =

    97


t_ind =

    98


t_ind =

    99


t_ind =

   100


t_ind =

   101


t_ind =

   102


t_ind =

   103


t_ind =

   104


t_ind =

   105


t_ind =

   106


t_ind =

   107


t_ind =

   108


t_ind =

   109


t_ind =

   110


t_ind =

   111


t_ind =

   112


t_ind =

   113


t_ind =

   114


t_ind =

   115


t_ind =

   116


t_ind =

   117


t_ind =

   118


t_ind =

   119


t_ind =

   120


t_ind =

   121


t_ind =

   122


t_ind =

   123


t_ind =

   124


t_ind =

   125


t_ind =

   126


t_ind =

   127


t_ind =

   128


t_ind =

   129


t_ind =

   130


t_ind =

   131


t_ind =

   132


t_ind =

   133


t_ind =

   134


t_ind =

   135


t_ind =

   136


t_ind =

   137


t_ind =

   138


t_ind =

   139


t_ind =

   140


t_ind =

   141


t_ind =

   142


t_ind =

   143


t_ind =

   144


t_ind =

   145


t_ind =

   146


t_ind =

   147


t_ind =

   148


t_ind =

   149


t_ind =

   150


t_ind =

   151


t_ind =

   152


t_ind =

   153


t_ind =

   154


t_ind =

   155


t_ind =

   156


t_ind =

   157


t_ind =

   158


t_ind =

   159


t_ind =

   160


t_ind =

   161


t_ind =

   162


t_ind =

   163


t_ind =

   164


t_ind =

   165


t_ind =

   166


t_ind =

   167


t_ind =

   168


t_ind =

   169


t_ind =

   170


t_ind =

   171


t_ind =

   172


t_ind =

   173


t_ind =

   174


t_ind =

   175


t_ind =

   176


t_ind =

   177


t_ind =

   178


t_ind =

   179


t_ind =

   180


t_ind =

   181


t_ind =

   182


t_ind =

   183


t_ind =

   184


t_ind =

   185


t_ind =

   186


t_ind =

   187


t_ind =

   188


t_ind =

   189


t_ind =

   190


t_ind =

   191


t_ind =

   192


t_ind =

   193


t_ind =

   194


t_ind =

   195


t_ind =

   196


t_ind =

   197


t_ind =

   198


t_ind =

   199


t_ind =

   200


t_ind =

   201


t_ind =

   202


t_ind =

   203


t_ind =

   204


t_ind =

   205


t_ind =

   206


t_ind =

   207


t_ind =

   208


t_ind =

   209


t_ind =

   210


t_ind =

   211


t_ind =

   212


t_ind =

   213


t_ind =

   214


t_ind =

   215


t_ind =

   216


t_ind =

   217


t_ind =

   218


t_ind =

   219


t_ind =

   220


t_ind =

   221


t_ind =

   222


t_ind =

   223


t_ind =

   224


t_ind =

   225


t_ind =

   226


t_ind =

   227


t_ind =

   228


t_ind =

   229


t_ind =

   230


t_ind =

   231


t_ind =

   232


t_ind =

   233


t_ind =

   234


t_ind =

   235


t_ind =

   236


t_ind =

   237


t_ind =

   238


t_ind =

   239


t_ind =

   240


t_ind =

   241


t_ind =

   242


t_ind =

   243


t_ind =

   244


t_ind =

   245


t_ind =

   246


t_ind =

   247


t_ind =

   248


t_ind =

   249


t_ind =

   250


t_ind =

   251


t_ind =

   252


t_ind =

   253


t_ind =

   254


t_ind =

   255


t_ind =

   256


t_ind =

   257


t_ind =

   258


t_ind =

   259


t_ind =

   260


t_ind =

   261


t_ind =

   262


t_ind =

   263


t_ind =

   264


t_ind =

   265


t_ind =

   266


t_ind =

   267


t_ind =

   268


t_ind =

   269


t_ind =

   270


t_ind =

   271


t_ind =

   272


t_ind =

   273


t_ind =

   274


t_ind =

   275


t_ind =

   276


t_ind =

   277


t_ind =

   278


t_ind =

   279


t_ind =

   280


t_ind =

   281


t_ind =

   282


t_ind =

   283


t_ind =

   284


t_ind =

   285


t_ind =

   286


t_ind =

   287


t_ind =

   288


t_ind =

   289


t_ind =

   290


t_ind =

   291


t_ind =

   292


t_ind =

   293


t_ind =

   294


t_ind =

   295


t_ind =

   296


t_ind =

   297


t_ind =

   298


t_ind =

   299


t_ind =

   300


t_ind =

   301


t_ind =

   302


t_ind =

   303


t_ind =

   304


t_ind =

   305


t_ind =

   306


t_ind =

   307


t_ind =

   308


t_ind =

   309


t_ind =

   310


t_ind =

   311


t_ind =

   312


t_ind =

   313


t_ind =

   314


t_ind =

   315


t_ind =

   316


t_ind =

   317


t_ind =

   318


t_ind =

   319


t_ind =

   320


t_ind =

   321


t_ind =

   322


t_ind =

   323


t_ind =

   324


t_ind =

   325


t_ind =

   326


t_ind =

   327


t_ind =

   328


t_ind =

   329


t_ind =

   330


t_ind =

   331


t_ind =

   332


t_ind =

   333


t_ind =

   334


t_ind =

   335


t_ind =

   336


t_ind =

   337


t_ind =

   338


t_ind =

   339


t_ind =

   340


t_ind =

   341


t_ind =

   342


t_ind =

   343


t_ind =

   344


t_ind =

   345


t_ind =

   346


t_ind =

   347


t_ind =

   348


t_ind =

   349


t_ind =

   350


t_ind =

   351


t_ind =

   352


t_ind =

   353


t_ind =

   354


t_ind =

   355


t_ind =

   356


t_ind =

   357


t_ind =

   358


t_ind =

   359


t_ind =

   360


t_ind =

   361


t_ind =

   362


t_ind =

   363


t_ind =

   364


t_ind =

   365


t_ind =

   366


t_ind =

   367


t_ind =

   368


t_ind =

   369


t_ind =

   370


t_ind =

   371


t_ind =

   372


t_ind =

   373


t_ind =

   374


t_ind =

   375


t_ind =

   376


t_ind =

   377


t_ind =

   378


t_ind =

   379


t_ind =

   380


t_ind =

   381


t_ind =

   382


t_ind =

   383


t_ind =

   384


t_ind =

   385


t_ind =

   386


t_ind =

   387


t_ind =

   388


t_ind =

   389


t_ind =

   390


t_ind =

   391


t_ind =

   392


t_ind =

   393


t_ind =

   394


t_ind =

   395


t_ind =

   396


t_ind =

   397


t_ind =

   398


t_ind =

   399


t_ind =

   400


t_ind =

   401


t_ind =

   402


t_ind =

   403


t_ind =

   404


t_ind =

   405


t_ind =

   406


t_ind =

   407


t_ind =

   408


t_ind =

   409


t_ind =

   410


t_ind =

   411


t_ind =

   412


t_ind =

   413


t_ind =

   414


t_ind =

   415


t_ind =

   416


t_ind =

   417


t_ind =

   418


t_ind =

   419


t_ind =

   420


t_ind =

   421


t_ind =

   422


t_ind =

   423


t_ind =

   424


t_ind =

   425


t_ind =

   426


t_ind =

   427


t_ind =

   428


t_ind =

   429


t_ind =

   430


t_ind =

   431


t_ind =

   432


t_ind =

   433


t_ind =

   434


t_ind =

   435


t_ind =

   436


t_ind =

   437


t_ind =

   438


t_ind =

   439


t_ind =

   440


t_ind =

   441


t_ind =

   442


t_ind =

   443


t_ind =

   444


t_ind =

   445


t_ind =

   446


t_ind =

   447


t_ind =

   448


t_ind =

   449


t_ind =

   450


t_ind =

   451


t_ind =

   452


t_ind =

   453


t_ind =

   454


t_ind =

   455


t_ind =

   456


t_ind =

   457


t_ind =

   458


t_ind =

   459


t_ind =

   460


t_ind =

   461


t_ind =

   462


t_ind =

   463


t_ind =

   464


t_ind =

   465


t_ind =

   466


t_ind =

   467


t_ind =

   468


t_ind =

   469


t_ind =

   470


t_ind =

   471


t_ind =

   472


t_ind =

   473


t_ind =

   474


t_ind =

   475


t_ind =

   476


t_ind =

   477


t_ind =

   478


t_ind =

   479


t_ind =

   480


t_ind =

   481


t_ind =

   482


t_ind =

   483


t_ind =

   484


t_ind =

   485


t_ind =

   486


t_ind =

   487


t_ind =

   488


t_ind =

   489


t_ind =

   490


t_ind =

   491


t_ind =

   492


t_ind =

   493


t_ind =

   494


t_ind =

   495


t_ind =

   496


t_ind =

   497


t_ind =

   498


t_ind =

   499


t_ind =

   500


t_ind =

   501


t_ind =

   502


t_ind =

   503


t_ind =

   504


t_ind =

   505


t_ind =

   506


t_ind =

   507


t_ind =

   508


t_ind =

   509


t_ind =

   510


t_ind =

   511


t_ind =

   512


t_ind =

   513


t_ind =

   514


t_ind =

   515


t_ind =

   516


t_ind =

   517


t_ind =

   518


t_ind =

   519


t_ind =

   520


t_ind =

   521


t_ind =

   522


t_ind =

   523


t_ind =

   524


t_ind =

   525


t_ind =

   526


t_ind =

   527


t_ind =

   528


t_ind =

   529


t_ind =

   530


t_ind =

   531


t_ind =

   532


t_ind =

   533


t_ind =

   534


t_ind =

   535


t_ind =

   536


t_ind =

   537


t_ind =

   538


t_ind =

   539


t_ind =

   540


t_ind =

   541


t_ind =

   542


t_ind =

   543


t_ind =

   544


t_ind =

   545


t_ind =

   546


t_ind =

   547


t_ind =

   548


t_ind =

   549


t_ind =

   550


t_ind =

   551


t_ind =

   552


t_ind =

   553


t_ind =

   554


t_ind =

   555


t_ind =

   556


t_ind =

   557


t_ind =

   558


t_ind =

   559


t_ind =

   560


t_ind =

   561


t_ind =

   562


t_ind =

   563


t_ind =

   564


t_ind =

   565


t_ind =

   566


t_ind =

   567


t_ind =

   568


t_ind =

   569


t_ind =

   570


t_ind =

   571


t_ind =

   572


t_ind =

   573


t_ind =

   574


t_ind =

   575


t_ind =

   576


t_ind =

   577


t_ind =

   578


t_ind =

   579


t_ind =

   580


t_ind =

   581


t_ind =

   582


t_ind =

   583


t_ind =

   584


t_ind =

   585


t_ind =

   586


t_ind =

   587


t_ind =

   588


t_ind =

   589


t_ind =

   590


t_ind =

   591


t_ind =

   592


t_ind =

   593


t_ind =

   594


t_ind =

   595


t_ind =

   596


t_ind =

   597


t_ind =

   598


t_ind =

   599


t_ind =

   600


t_ind =

   601


t_ind =

   602


t_ind =

   603


t_ind =

   604


t_ind =

   605


t_ind =

   606


t_ind =

   607


t_ind =

   608


t_ind =

   609


t_ind =

   610


t_ind =

   611


t_ind =

   612


t_ind =

   613


t_ind =

   614


t_ind =

   615


t_ind =

   616


t_ind =

   617


t_ind =

   618


t_ind =

   619


t_ind =

   620


t_ind =

   621


t_ind =

   622


t_ind =

   623


t_ind =

   624


t_ind =

   625


t_ind =

   626


t_ind =

   627


t_ind =

   628


t_ind =

   629


t_ind =

   630


t_ind =

   631


t_ind =

   632


t_ind =

   633


t_ind =

   634


t_ind =

   635


t_ind =

   636


t_ind =

   637


t_ind =

   638


t_ind =

   639


t_ind =

   640


t_ind =

   641


t_ind =

   642


t_ind =

   643


t_ind =

   644


t_ind =

   645


t_ind =

   646


t_ind =

   647


t_ind =

   648


t_ind =

   649


t_ind =

   650


t_ind =

   651


t_ind =

   652


t_ind =

   653


t_ind =

   654


t_ind =

   655


t_ind =

   656


t_ind =

   657


t_ind =

   658


t_ind =

   659


t_ind =

   660


t_ind =

   661


t_ind =

   662


t_ind =

   663


t_ind =

   664


t_ind =

   665


t_ind =

   666


t_ind =

   667


t_ind =

   668


t_ind =

   669


t_ind =

   670


t_ind =

   671


t_ind =

   672


t_ind =

   673


t_ind =

   674


t_ind =

   675


t_ind =

   676


t_ind =

   677


t_ind =

   678


t_ind =

   679


t_ind =

   680


t_ind =

   681


t_ind =

   682


t_ind =

   683


t_ind =

   684


t_ind =

   685


t_ind =

   686


t_ind =

   687


t_ind =

   688


t_ind =

   689


t_ind =

   690


t_ind =

   691


t_ind =

   692


t_ind =

   693


t_ind =

   694


t_ind =

   695


t_ind =

   696


t_ind =

   697


t_ind =

   698


t_ind =

   699


t_ind =

   700


t_ind =

   701


t_ind =

   702


t_ind =

   703


t_ind =

   704


t_ind =

   705


t_ind =

   706


t_ind =

   707


t_ind =

   708


t_ind =

   709


t_ind =

   710


t_ind =

   711


t_ind =

   712


t_ind =

   713


t_ind =

   714


t_ind =

   715


t_ind =

   716


t_ind =

   717


t_ind =

   718


t_ind =

   719


t_ind =

   720


t_ind =

   721


t_ind =

   722


t_ind =

   723


t_ind =

   724


t_ind =

   725


t_ind =

   726


t_ind =

   727


t_ind =

   728


t_ind =

   729


t_ind =

   730


t_ind =

   731


t_ind =

   732


t_ind =

   733


t_ind =

   734


t_ind =

   735


t_ind =

   736


t_ind =

   737


t_ind =

   738


t_ind =

   739


t_ind =

   740


t_ind =

   741


t_ind =

   742


t_ind =

   743


t_ind =

   744


t_ind =

   745


t_ind =

   746


t_ind =

   747


t_ind =

   748


t_ind =

   749


t_ind =

   750


t_ind =

   751


t_ind =

   752


t_ind =

   753


t_ind =

   754


t_ind =

   755


t_ind =

   756


t_ind =

   757


t_ind =

   758


t_ind =

   759


t_ind =

   760


t_ind =

   761


t_ind =

   762


t_ind =

   763


t_ind =

   764


t_ind =

   765


t_ind =

   766


t_ind =

   767


t_ind =

   768


t_ind =

   769


t_ind =

   770


t_ind =

   771


t_ind =

   772


t_ind =

   773


t_ind =

   774


t_ind =

   775


t_ind =

   776


t_ind =

   777


t_ind =

   778


t_ind =

   779


t_ind =

   780


t_ind =

   781


t_ind =

   782


t_ind =

   783


t_ind =

   784


t_ind =

   785


t_ind =

   786


t_ind =

   787


t_ind =

   788


t_ind =

   789


t_ind =

   790


t_ind =

   791


t_ind =

   792


t_ind =

   793


t_ind =

   794


t_ind =

   795


t_ind =

   796


t_ind =

   797


t_ind =

   798


t_ind =

   799


t_ind =

   800


t_ind =

   801


t_ind =

   802


t_ind =

   803


t_ind =

   804


t_ind =

   805


t_ind =

   806


t_ind =

   807


t_ind =

   808


t_ind =

   809


t_ind =

   810


t_ind =

   811


t_ind =

   812


t_ind =

   813


t_ind =

   814


t_ind =

   815


t_ind =

   816


t_ind =

   817


t_ind =

   818


t_ind =

   819


t_ind =

   820


t_ind =

   821


t_ind =

   822


t_ind =

   823


t_ind =

   824


t_ind =

   825


t_ind =

   826


t_ind =

   827


t_ind =

   828


t_ind =

   829


t_ind =

   830


t_ind =

   831


t_ind =

   832


t_ind =

   833


t_ind =

   834


t_ind =

   835


t_ind =

   836


t_ind =

   837


t_ind =

   838


t_ind =

   839


t_ind =

   840


t_ind =

   841


t_ind =

   842


t_ind =

   843


t_ind =

   844


t_ind =

   845


t_ind =

   846


t_ind =

   847


t_ind =

   848


t_ind =

   849


t_ind =

   850


t_ind =

   851


t_ind =

   852


t_ind =

   853


t_ind =

   854


t_ind =

   855


t_ind =

   856


t_ind =

   857


t_ind =

   858


t_ind =

   859


t_ind =

   860


t_ind =

   861


t_ind =

   862


t_ind =

   863


t_ind =

   864


t_ind =

   865


t_ind =

   866


t_ind =

   867


t_ind =

   868


t_ind =

   869


t_ind =

   870


t_ind =

   871


t_ind =

   872


t_ind =

   873


t_ind =

   874


t_ind =

   875


t_ind =

   876


t_ind =

   877


t_ind =

   878


t_ind =

   879


t_ind =

   880


t_ind =

   881


t_ind =

   882


t_ind =

   883


t_ind =

   884


t_ind =

   885


t_ind =

   886


t_ind =

   887


t_ind =

   888


t_ind =

   889


t_ind =

   890


t_ind =

   891


t_ind =

   892


t_ind =

   893


t_ind =

   894


t_ind =

   895


t_ind =

   896


t_ind =

   897


t_ind =

   898


t_ind =

   899


t_ind =

   900


t_ind =

   901


t_ind =

   902


t_ind =

   903


t_ind =

   904


t_ind =

   905


t_ind =

   906


t_ind =

   907


t_ind =

   908


t_ind =

   909


t_ind =

   910


t_ind =

   911


t_ind =

   912


t_ind =

   913


t_ind =

   914


t_ind =

   915


t_ind =

   916


t_ind =

   917


t_ind =

   918


t_ind =

   919


t_ind =

   920


t_ind =

   921


t_ind =

   922


t_ind =

   923


t_ind =

   924


t_ind =

   925


t_ind =

   926


t_ind =

   927


t_ind =

   928


t_ind =

   929


t_ind =

   930


t_ind =

   931


t_ind =

   932


t_ind =

   933


t_ind =

   934


t_ind =

   935


t_ind =

   936


t_ind =

   937


t_ind =

   938


t_ind =

   939


t_ind =

   940


t_ind =

   941


t_ind =

   942


t_ind =

   943


t_ind =

   944


t_ind =

   945


t_ind =

   946


t_ind =

   947


t_ind =

   948


t_ind =

   949


t_ind =

   950


t_ind =

   951


t_ind =

   952


t_ind =

   953


t_ind =

   954


t_ind =

   955


t_ind =

   956


t_ind =

   957


t_ind =

   958


t_ind =

   959


t_ind =

   960


t_ind =

   961


t_ind =

   962


t_ind =

   963


t_ind =

   964


t_ind =

   965


t_ind =

   966


t_ind =

   967


t_ind =

   968


t_ind =

   969


t_ind =

   970


t_ind =

   971


t_ind =

   972


t_ind =

   973


t_ind =

   974


t_ind =

   975


t_ind =

   976


t_ind =

   977


t_ind =

   978


t_ind =

   979


t_ind =

   980


t_ind =

   981


t_ind =

   982


t_ind =

   983


t_ind =

   984


t_ind =

   985


t_ind =

   986


t_ind =

   987


t_ind =

   988


t_ind =

   989


t_ind =

   990


t_ind =

   991


t_ind =

   992


t_ind =

   993


t_ind =

   994


t_ind =

   995


t_ind =

   996


t_ind =

   997


t_ind =

   998


t_ind =

   999


t_ind =

        1000


t_ind =

        1001


t_ind =

        1002


ans = 

    "completed time evolution"


ans = 

    "created plots"


ans = 

    "drew frames of evolution"

Parallel pool using the 'Processes' profile is shutting down.
Trying code: git add -A
