My job ran on: echo bc6u7n2
Conditional satisfied

Currently Loaded Modules:
  1) StdEnv               6) binutils/2.40        11) SQLite/3.42.0
  2) GCC/4.8.3            7) bzip2/.1.0.8    (H)  12) XZ/.5.4.2     (H)
  3) MATLAB/2023b         8) ncurses/6.4          13) libffi/3.4.4
  4) GCCcore/12.3.0       9) libreadline/8.2      14) OpenSSL/1.1
  5) zlib/.1.2.13   (H)  10) Tcl/8.6.13           15) Python/3.11.3

  Where:
   H:  Hidden Module

 

fatal: Not a git repository (or any parent up to mount point /projects)
Stopping at filesystem boundary (GIT_DISCOVERY_ACROSS_FILESYSTEM not set).
Switched to nots branch
fatal: Not a git repository (or any parent up to mount point /projects)
Stopping at filesystem boundary (GIT_DISCOVERY_ACROSS_FILESYSTEM not set).
Pulled from nots branch
MATLAB is selecting SOFTWARE OPENGL rendering.
Opening log file:  /home/ac238/java.log.59580

                            < M A T L A B (R) >
                  Copyright 1984-2023 The MathWorks, Inc.
             R2023b Update 5 (23.2.0.2459199) 64-bit (glnxa64)
                             November 28, 2023

 
To get started, type doc.
For product information, visit www.mathworks.com.
 
[Warning: MATLAB has disabled some advanced graphics rendering features by
switching to software OpenGL. For more information, click <a
href="matlab:opengl('problems')">here</a>.] 
/var/spool/slurm/job7947627/slurm_script: line 30: 59580 Killed                  matlab -r "skyrmionstrial; exit"
Ran MATLAB
Added all
[nots 015c345] 56532
 Committer: Alexander Canright <ac238@bc6u7n2.nots.rice.edu>
Your name and email address were configured automatically based
on your username and hostname. Please check that they are accurate.
You can suppress this message by setting them explicitly:

    git config --global user.name "Your Name"
    git config --global user.email you@example.com

After doing this, you may fix the identity used for this commit with:

    git commit --amend --reset-author

 3 files changed, 73 insertions(+)
Committed
fatal: unable to access 'https://github.com/ac238/skyrmions-trial.git/': error setting certificate file: /etc/ssl/certs/ca-certificates.crt
Pushed to nots
slurmstepd: error: Detected 1 oom-kill event(s) in step 7947627.batch cgroup. Some of your processes may have been killed by the cgroup out-of-memory handler.
